[2021-06-17T14:29:44.645+0000][31843][gc] Using Concurrent Mark Sweep
[2021-06-17T14:29:44.902+0000][31843][gc,heap,coops] Heap address: 0x00000000c0000000, size: 1024 MB, Compressed Oops mode: 32-bit
[2021-06-17T14:29:52.810+0000][31843][safepoint    ] Entering safepoint region: EnableBiasedLocking
[2021-06-17T14:29:52.810+0000][31843][safepoint    ] Leaving safepoint region
[2021-06-17T14:29:52.810+0000][31843][safepoint    ] Total time for which application threads were stopped: 1.4888348 seconds, Stopping threads took: 1.4886983 seconds
[2021-06-17T14:29:52.817+0000][31843][safepoint    ] Application time: 0.0060736 seconds
[2021-06-17T14:29:52.854+0000][31843][safepoint    ] Entering safepoint region: RevokeBias
[2021-06-17T14:29:52.890+0000][31843][safepoint    ] Leaving safepoint region
[2021-06-17T14:29:52.890+0000][31843][safepoint    ] Total time for which application threads were stopped: 0.0734519 seconds, Stopping threads took: 0.0733024 seconds
[2021-06-17T14:29:53.890+0000][31843][safepoint    ] Application time: 1.0001557 seconds
[2021-06-17T14:29:53.891+0000][31843][safepoint    ] Entering safepoint region: Cleanup
[2021-06-17T14:29:53.891+0000][31843][safepoint    ] Leaving safepoint region
[2021-06-17T14:29:53.891+0000][31843][safepoint    ] Total time for which application threads were stopped: 0.0001497 seconds, Stopping threads took: 0.0000439 seconds
[2021-06-17T14:29:55.891+0000][31843][safepoint    ] Application time: 2.0002915 seconds
[2021-06-17T14:29:55.891+0000][31843][safepoint    ] Entering safepoint region: Cleanup
[2021-06-17T14:29:55.891+0000][31843][safepoint    ] Leaving safepoint region
[2021-06-17T14:29:55.891+0000][31843][safepoint    ] Total time for which application threads were stopped: 0.0001282 seconds, Stopping threads took: 0.0000435 seconds
[2021-06-17T14:29:56.891+0000][31843][safepoint    ] Application time: 1.0001244 seconds
[2021-06-17T14:29:56.892+0000][31843][safepoint    ] Entering safepoint region: Cleanup
[2021-06-17T14:29:56.892+0000][31843][safepoint    ] Leaving safepoint region
[2021-06-17T14:29:56.892+0000][31843][safepoint    ] Total time for which application threads were stopped: 0.0001275 seconds, Stopping threads took: 0.0000425 seconds
[2021-06-17T14:29:59.892+0000][31843][safepoint    ] Application time: 3.0003095 seconds
[2021-06-17T14:30:00.577+0000][31843][safepoint    ] Entering safepoint region: Cleanup
[2021-06-17T14:30:00.577+0000][31843][safepoint    ] Leaving safepoint region
[2021-06-17T14:30:00.577+0000][31843][safepoint    ] Total time for which application threads were stopped: 0.6853178 seconds, Stopping threads took: 0.6852249 seconds
[2021-06-17T14:30:01.578+0000][31843][safepoint    ] Application time: 1.0001304 seconds
[2021-06-17T14:30:01.578+0000][31843][safepoint    ] Entering safepoint region: Cleanup
[2021-06-17T14:30:01.578+0000][31843][safepoint    ] Leaving safepoint region
[2021-06-17T14:30:01.578+0000][31843][safepoint    ] Total time for which application threads were stopped: 0.0001334 seconds, Stopping threads took: 0.0000420 seconds
[2021-06-17T14:30:02.578+0000][31843][safepoint    ] Application time: 1.0001103 seconds
[2021-06-17T14:30:03.149+0000][31843][safepoint    ] Entering safepoint region: Cleanup
[2021-06-17T14:30:03.149+0000][31843][safepoint    ] Leaving safepoint region
[2021-06-17T14:30:03.219+0000][31843][safepoint    ] Total time for which application threads were stopped: 0.6404969 seconds, Stopping threads took: 0.5711123 seconds
[2021-06-17T14:30:08.219+0000][31843][safepoint    ] Application time: 5.0005291 seconds
[2021-06-17T14:30:08.738+0000][31843][safepoint    ] Entering safepoint region: Cleanup
[2021-06-17T14:30:08.738+0000][31843][safepoint    ] Leaving safepoint region
[2021-06-17T14:30:08.738+0000][31843][safepoint    ] Total time for which application threads were stopped: 0.5191483 seconds, Stopping threads took: 0.5190490 seconds
[2021-06-17T14:30:08.745+0000][31843][safepoint    ] Application time: 0.0063698 seconds
[2021-06-17T14:30:08.745+0000][31843][safepoint    ] Entering safepoint region: RevokeBias
[2021-06-17T14:30:08.745+0000][31843][safepoint    ] Leaving safepoint region
[2021-06-17T14:30:08.745+0000][31843][safepoint    ] Total time for which application threads were stopped: 0.0002832 seconds, Stopping threads took: 0.0001820 seconds
[2021-06-17T14:30:09.745+0000][31843][safepoint    ] Application time: 1.0001185 seconds
[2021-06-17T14:30:09.806+0000][31843][safepoint    ] Entering safepoint region: Cleanup
[2021-06-17T14:30:09.806+0000][31843][safepoint    ] Leaving safepoint region
[2021-06-17T14:30:09.807+0000][31843][safepoint    ] Total time for which application threads were stopped: 0.0610919 seconds, Stopping threads took: 0.0609692 seconds
[2021-06-17T14:30:11.831+0000][31843][safepoint    ] Application time: 2.0242038 seconds
[2021-06-17T14:30:11.831+0000][31843][safepoint    ] Entering safepoint region: Deoptimize
[2021-06-17T14:30:11.831+0000][31843][safepoint    ] Leaving safepoint region
[2021-06-17T14:30:11.831+0000][31843][safepoint    ] Total time for which application threads were stopped: 0.0001778 seconds, Stopping threads took: 0.0000477 seconds
[2021-06-17T14:30:11.862+0000][31843][safepoint    ] Application time: 0.0306750 seconds
[2021-06-17T14:30:11.862+0000][31843][safepoint    ] Entering safepoint region: Deoptimize
[2021-06-17T14:30:11.862+0000][31843][safepoint    ] Leaving safepoint region
[2021-06-17T14:30:11.862+0000][31843][safepoint    ] Total time for which application threads were stopped: 0.0001626 seconds, Stopping threads took: 0.0000378 seconds
[2021-06-17T14:30:12.862+0000][31843][safepoint    ] Application time: 1.0001255 seconds
[2021-06-17T14:30:12.862+0000][31843][safepoint    ] Entering safepoint region: Cleanup
[2021-06-17T14:30:12.862+0000][31843][safepoint    ] Leaving safepoint region
[2021-06-17T14:30:12.863+0000][31843][safepoint    ] Total time for which application threads were stopped: 0.0002956 seconds, Stopping threads took: 0.0000839 seconds
[2021-06-17T14:30:13.863+0000][31843][safepoint    ] Application time: 1.0001157 seconds
[2021-06-17T14:30:13.863+0000][31843][safepoint    ] Entering safepoint region: Cleanup
[2021-06-17T14:30:13.864+0000][31843][safepoint    ] Leaving safepoint region
[2021-06-17T14:30:13.864+0000][31843][safepoint    ] Total time for which application threads were stopped: 0.0007314 seconds, Stopping threads took: 0.0006398 seconds
[2021-06-17T14:30:14.864+0000][31843][safepoint    ] Application time: 1.0001062 seconds
[2021-06-17T14:30:14.864+0000][31843][safepoint    ] Entering safepoint region: Cleanup
[2021-06-17T14:30:14.864+0000][31843][safepoint    ] Leaving safepoint region
[2021-06-17T14:30:14.864+0000][31843][safepoint    ] Total time for which application threads were stopped: 0.0001762 seconds, Stopping threads took: 0.0000845 seconds
[2021-06-17T14:30:16.864+0000][31843][safepoint    ] Application time: 2.0002135 seconds
[2021-06-17T14:30:16.864+0000][31843][safepoint    ] Entering safepoint region: Cleanup
[2021-06-17T14:30:16.864+0000][31843][safepoint    ] Leaving safepoint region
[2021-06-17T14:30:16.864+0000][31843][safepoint    ] Total time for which application threads were stopped: 0.0001312 seconds, Stopping threads took: 0.0000431 seconds
[2021-06-17T14:30:19.865+0000][31843][safepoint    ] Application time: 3.0003271 seconds
[2021-06-17T14:30:19.916+0000][31843][safepoint    ] Entering safepoint region: Cleanup
[2021-06-17T14:30:19.916+0000][31843][safepoint    ] Leaving safepoint region
[2021-06-17T14:30:19.916+0000][31843][safepoint    ] Total time for which application threads were stopped: 0.0504974 seconds, Stopping threads took: 0.0503792 seconds
[2021-06-17T14:30:20.916+0000][31843][safepoint    ] Application time: 1.0001770 seconds
[2021-06-17T14:30:20.916+0000][31843][safepoint    ] Entering safepoint region: Cleanup
[2021-06-17T14:30:20.916+0000][31843][safepoint    ] Leaving safepoint region
[2021-06-17T14:30:20.916+0000][31843][safepoint    ] Total time for which application threads were stopped: 0.0001559 seconds, Stopping threads took: 0.0000471 seconds
[2021-06-17T14:30:22.917+0000][31843][safepoint    ] Application time: 2.0002141 seconds
[2021-06-17T14:30:22.917+0000][31843][safepoint    ] Entering safepoint region: Cleanup
[2021-06-17T14:30:22.917+0000][31843][safepoint    ] Leaving safepoint region
[2021-06-17T14:30:22.917+0000][31843][safepoint    ] Total time for which application threads were stopped: 0.0001124 seconds, Stopping threads took: 0.0000383 seconds
[2021-06-17T14:30:23.917+0000][31843][safepoint    ] Application time: 1.0001194 seconds
[2021-06-17T14:30:23.917+0000][31843][safepoint    ] Entering safepoint region: Cleanup
[2021-06-17T14:30:23.917+0000][31843][safepoint    ] Leaving safepoint region
[2021-06-17T14:30:23.917+0000][31843][safepoint    ] Total time for which application threads were stopped: 0.0001447 seconds, Stopping threads took: 0.0000434 seconds
[2021-06-17T14:30:24.918+0000][31843][safepoint    ] Application time: 1.0001145 seconds
[2021-06-17T14:30:24.918+0000][31843][safepoint    ] Entering safepoint region: Cleanup
[2021-06-17T14:30:24.918+0000][31843][safepoint    ] Leaving safepoint region
[2021-06-17T14:30:24.918+0000][31843][safepoint    ] Total time for which application threads were stopped: 0.0005588 seconds, Stopping threads took: 0.0004138 seconds
[2021-06-17T14:30:25.918+0000][31843][safepoint    ] Application time: 1.0001157 seconds
[2021-06-17T14:30:25.918+0000][31843][safepoint    ] Entering safepoint region: Cleanup
[2021-06-17T14:30:25.919+0000][31843][safepoint    ] Leaving safepoint region
[2021-06-17T14:30:25.919+0000][31843][safepoint    ] Total time for which application threads were stopped: 0.0001474 seconds, Stopping threads took: 0.0000440 seconds
[2021-06-17T14:30:26.919+0000][31843][safepoint    ] Application time: 1.0001099 seconds
[2021-06-17T14:30:28.668+0000][31843][safepoint    ] Entering safepoint region: Cleanup
[2021-06-17T14:30:28.668+0000][31843][safepoint    ] Leaving safepoint region
[2021-06-17T14:30:28.668+0000][31843][safepoint    ] Total time for which application threads were stopped: 1.7495920 seconds, Stopping threads took: 1.7494724 seconds
[2021-06-17T14:30:29.669+0000][31843][safepoint    ] Application time: 1.0001267 seconds
[2021-06-17T14:30:29.675+0000][31843][safepoint    ] Entering safepoint region: Cleanup
[2021-06-17T14:30:29.675+0000][31843][safepoint    ] Leaving safepoint region
[2021-06-17T14:30:29.675+0000][31843][safepoint    ] Total time for which application threads were stopped: 0.0061715 seconds, Stopping threads took: 0.0060982 seconds
[2021-06-17T14:30:30.675+0000][31843][safepoint    ] Application time: 1.0001619 seconds
[2021-06-17T14:30:30.704+0000][31843][safepoint    ] Entering safepoint region: Cleanup
[2021-06-17T14:30:30.704+0000][31843][safepoint    ] Leaving safepoint region
[2021-06-17T14:30:30.704+0000][31843][safepoint    ] Total time for which application threads were stopped: 0.0287096 seconds, Stopping threads took: 0.0285759 seconds
[2021-06-17T14:30:31.399+0000][31843][safepoint    ] Application time: 0.6946831 seconds
[2021-06-17T14:30:31.399+0000][31843][safepoint    ] Entering safepoint region: Deoptimize
[2021-06-17T14:30:31.399+0000][31843][safepoint    ] Leaving safepoint region
[2021-06-17T14:30:31.399+0000][31843][safepoint    ] Total time for which application threads were stopped: 0.0001781 seconds, Stopping threads took: 0.0000235 seconds
[2021-06-17T14:30:31.463+0000][31843][safepoint    ] Application time: 0.0637479 seconds
[2021-06-17T14:30:31.463+0000][31843][safepoint    ] Entering safepoint region: Deoptimize
[2021-06-17T14:30:31.463+0000][31843][safepoint    ] Leaving safepoint region
[2021-06-17T14:30:31.463+0000][31843][safepoint    ] Total time for which application threads were stopped: 0.0002434 seconds, Stopping threads took: 0.0000412 seconds
[2021-06-17T14:30:32.400+0000][31843][safepoint    ] Application time: 0.9368059 seconds
[2021-06-17T14:30:32.400+0000][31843][safepoint    ] Entering safepoint region: Deoptimize
[2021-06-17T14:30:32.400+0000][31843][safepoint    ] Leaving safepoint region
[2021-06-17T14:30:32.400+0000][31843][safepoint    ] Total time for which application threads were stopped: 0.0003194 seconds, Stopping threads took: 0.0000395 seconds
[2021-06-17T14:30:33.400+0000][31843][safepoint    ] Application time: 1.0001057 seconds
[2021-06-17T14:30:33.819+0000][31843][safepoint    ] Entering safepoint region: Cleanup
[2021-06-17T14:30:33.819+0000][31843][safepoint    ] Leaving safepoint region
[2021-06-17T14:30:33.819+0000][31843][safepoint    ] Total time for which application threads were stopped: 0.4184987 seconds, Stopping threads took: 0.4183088 seconds
[2021-06-17T14:30:33.944+0000][31843][safepoint    ] Application time: 0.1252805 seconds
[2021-06-17T14:30:33.944+0000][31843][safepoint    ] Entering safepoint region: Deoptimize
[2021-06-17T14:30:33.944+0000][31843][safepoint    ] Leaving safepoint region
[2021-06-17T14:30:33.944+0000][31843][safepoint    ] Total time for which application threads were stopped: 0.0002161 seconds, Stopping threads took: 0.0000467 seconds
[2021-06-17T14:30:34.633+0000][31843][safepoint    ] Application time: 0.6889217 seconds
[2021-06-17T14:30:34.633+0000][31843][safepoint    ] Entering safepoint region: Deoptimize
[2021-06-17T14:30:34.634+0000][31843][safepoint    ] Leaving safepoint region
[2021-06-17T14:30:34.634+0000][31843][safepoint    ] Total time for which application threads were stopped: 0.0002522 seconds, Stopping threads took: 0.0000371 seconds
[2021-06-17T14:30:35.634+0000][31843][safepoint    ] Application time: 1.0001159 seconds
[2021-06-17T14:30:35.634+0000][31843][safepoint    ] Entering safepoint region: Cleanup
[2021-06-17T14:30:35.634+0000][31843][safepoint    ] Leaving safepoint region
[2021-06-17T14:30:35.634+0000][31843][safepoint    ] Total time for which application threads were stopped: 0.0001864 seconds, Stopping threads took: 0.0000446 seconds
[2021-06-17T14:30:36.634+0000][31843][safepoint    ] Application time: 1.0001045 seconds
[2021-06-17T14:30:36.697+0000][31843][safepoint    ] Entering safepoint region: Cleanup
[2021-06-17T14:30:36.697+0000][31843][safepoint    ] Leaving safepoint region
[2021-06-17T14:30:36.697+0000][31843][safepoint    ] Total time for which application threads were stopped: 0.0625038 seconds, Stopping threads took: 0.0624237 seconds
[2021-06-17T14:30:37.697+0000][31843][safepoint    ] Application time: 1.0001210 seconds
[2021-06-17T14:30:37.710+0000][31843][safepoint    ] Entering safepoint region: Cleanup
[2021-06-17T14:30:37.710+0000][31843][safepoint    ] Leaving safepoint region
[2021-06-17T14:30:37.710+0000][31843][safepoint    ] Total time for which application threads were stopped: 0.0127046 seconds, Stopping threads took: 0.0125778 seconds
[2021-06-17T14:30:38.710+0000][31843][safepoint    ] Application time: 1.0001273 seconds
[2021-06-17T14:30:38.722+0000][31843][safepoint    ] Entering safepoint region: Cleanup
[2021-06-17T14:30:38.723+0000][31843][safepoint    ] Leaving safepoint region
[2021-06-17T14:30:38.723+0000][31843][safepoint    ] Total time for which application threads were stopped: 0.0124570 seconds, Stopping threads took: 0.0122974 seconds
[2021-06-17T14:30:39.723+0000][31843][safepoint    ] Application time: 1.0001463 seconds
[2021-06-17T14:30:39.726+0000][31843][safepoint    ] Entering safepoint region: Cleanup
[2021-06-17T14:30:39.726+0000][31843][safepoint    ] Leaving safepoint region
[2021-06-17T14:30:39.726+0000][31843][safepoint    ] Total time for which application threads were stopped: 0.0031658 seconds, Stopping threads took: 0.0029981 seconds
[2021-06-17T14:30:40.726+0000][31843][safepoint    ] Application time: 1.0001306 seconds
[2021-06-17T14:30:40.726+0000][31843][safepoint    ] Entering safepoint region: Cleanup
[2021-06-17T14:30:40.727+0000][31843][safepoint    ] Leaving safepoint region
[2021-06-17T14:30:40.727+0000][31843][safepoint    ] Total time for which application threads were stopped: 0.0002729 seconds, Stopping threads took: 0.0000768 seconds
[2021-06-17T14:30:41.727+0000][31843][safepoint    ] Application time: 1.0001098 seconds
[2021-06-17T14:30:41.819+0000][31843][safepoint    ] Entering safepoint region: Cleanup
[2021-06-17T14:30:41.819+0000][31843][safepoint    ] Leaving safepoint region
[2021-06-17T14:30:41.819+0000][31843][safepoint    ] Total time for which application threads were stopped: 0.0916889 seconds, Stopping threads took: 0.0916017 seconds
[2021-06-17T14:30:42.173+0000][31843][safepoint    ] Application time: 0.3545926 seconds
[2021-06-17T14:30:42.174+0000][31843][safepoint    ] Entering safepoint region: Deoptimize
[2021-06-17T14:30:42.174+0000][31843][safepoint    ] Leaving safepoint region
[2021-06-17T14:30:42.174+0000][31843][safepoint    ] Total time for which application threads were stopped: 0.0006568 seconds, Stopping threads took: 0.0004691 seconds
[2021-06-17T14:30:42.529+0000][31843][safepoint    ] Application time: 0.3550292 seconds
[2021-06-17T14:30:42.529+0000][31843][safepoint    ] Entering safepoint region: Deoptimize
[2021-06-17T14:30:42.530+0000][31843][safepoint    ] Leaving safepoint region
[2021-06-17T14:30:42.530+0000][31843][safepoint    ] Total time for which application threads were stopped: 0.0003855 seconds, Stopping threads took: 0.0000384 seconds
[2021-06-17T14:30:42.802+0000][31843][safepoint    ] Application time: 0.2721641 seconds
[2021-06-17T14:30:42.802+0000][31843][safepoint    ] Entering safepoint region: Deoptimize
[2021-06-17T14:30:42.802+0000][31843][safepoint    ] Leaving safepoint region
[2021-06-17T14:30:42.802+0000][31843][safepoint    ] Total time for which application threads were stopped: 0.0002714 seconds, Stopping threads took: 0.0000274 seconds
[2021-06-17T14:30:43.032+0000][31843][safepoint    ] Application time: 0.2303773 seconds
[2021-06-17T14:30:43.033+0000][31843][safepoint    ] Entering safepoint region: RevokeBias
[2021-06-17T14:30:43.033+0000][31843][safepoint    ] Leaving safepoint region
[2021-06-17T14:30:43.033+0000][31843][safepoint    ] Total time for which application threads were stopped: 0.0002019 seconds, Stopping threads took: 0.0001190 seconds
[2021-06-17T14:30:43.033+0000][31843][safepoint    ] Application time: 0.0001780 seconds
[2021-06-17T14:30:43.033+0000][31843][safepoint    ] Entering safepoint region: RevokeBias
[2021-06-17T14:30:43.033+0000][31843][safepoint    ] Leaving safepoint region
[2021-06-17T14:30:43.033+0000][31843][safepoint    ] Total time for which application threads were stopped: 0.0001483 seconds, Stopping threads took: 0.0000535 seconds
[2021-06-17T14:30:43.033+0000][31843][safepoint    ] Application time: 0.0002132 seconds
[2021-06-17T14:30:43.033+0000][31843][safepoint    ] Entering safepoint region: RevokeBias
[2021-06-17T14:30:43.033+0000][31843][safepoint    ] Leaving safepoint region
[2021-06-17T14:30:43.033+0000][31843][safepoint    ] Total time for which application threads were stopped: 0.0000820 seconds, Stopping threads took: 0.0000327 seconds
[2021-06-17T14:30:43.036+0000][31843][safepoint    ] Application time: 0.0022752 seconds
[2021-06-17T14:30:43.038+0000][31843][safepoint    ] Entering safepoint region: RevokeBias
[2021-06-17T14:30:43.039+0000][31843][safepoint    ] Leaving safepoint region
[2021-06-17T14:30:43.039+0000][31843][safepoint    ] Total time for which application threads were stopped: 0.0028402 seconds, Stopping threads took: 0.0026942 seconds
[2021-06-17T14:30:43.041+0000][31843][safepoint    ] Application time: 0.0021382 seconds
[2021-06-17T14:30:43.041+0000][31843][safepoint    ] Entering safepoint region: RevokeBias
[2021-06-17T14:30:43.041+0000][31843][safepoint    ] Leaving safepoint region
[2021-06-17T14:30:43.041+0000][31843][safepoint    ] Total time for which application threads were stopped: 0.0001953 seconds, Stopping threads took: 0.0000744 seconds
[2021-06-17T14:30:43.044+0000][31843][safepoint    ] Application time: 0.0032085 seconds
[2021-06-17T14:30:43.044+0000][31843][safepoint    ] Entering safepoint region: RevokeBias
[2021-06-17T14:30:43.044+0000][31843][safepoint    ] Leaving safepoint region
[2021-06-17T14:30:43.044+0000][31843][safepoint    ] Total time for which application threads were stopped: 0.0001423 seconds, Stopping threads took: 0.0000213 seconds
[2021-06-17T14:30:43.388+0000][31843][safepoint    ] Application time: 0.3433696 seconds
[2021-06-17T14:30:43.388+0000][31843][safepoint    ] Entering safepoint region: Deoptimize
[2021-06-17T14:30:43.388+0000][31843][safepoint    ] Leaving safepoint region
[2021-06-17T14:30:43.388+0000][31843][safepoint    ] Total time for which application threads were stopped: 0.0001941 seconds, Stopping threads took: 0.0000160 seconds
[2021-06-17T14:30:43.799+0000][31843][safepoint    ] Application time: 0.4105464 seconds
[2021-06-17T14:30:43.799+0000][31843][safepoint    ] Entering safepoint region: RevokeBias
[2021-06-17T14:30:43.799+0000][31843][safepoint    ] Leaving safepoint region
[2021-06-17T14:30:43.799+0000][31843][safepoint    ] Total time for which application threads were stopped: 0.0000987 seconds, Stopping threads took: 0.0000202 seconds
[2021-06-17T14:30:44.799+0000][31843][safepoint    ] Application time: 1.0001042 seconds
[2021-06-17T14:30:44.799+0000][31843][safepoint    ] Entering safepoint region: Cleanup
[2021-06-17T14:30:44.799+0000][31843][safepoint    ] Leaving safepoint region
[2021-06-17T14:30:44.799+0000][31843][safepoint    ] Total time for which application threads were stopped: 0.0000958 seconds, Stopping threads took: 0.0000291 seconds
[2021-06-17T14:30:45.799+0000][31843][safepoint    ] Application time: 1.0001021 seconds
[2021-06-17T14:30:45.799+0000][31843][safepoint    ] Entering safepoint region: Cleanup
[2021-06-17T14:30:45.799+0000][31843][safepoint    ] Leaving safepoint region
[2021-06-17T14:30:45.799+0000][31843][safepoint    ] Total time for which application threads were stopped: 0.0001038 seconds, Stopping threads took: 0.0000445 seconds
[2021-06-17T14:30:46.800+0000][31843][safepoint    ] Application time: 1.0001147 seconds
[2021-06-17T14:30:46.800+0000][31843][safepoint    ] Entering safepoint region: Cleanup
[2021-06-17T14:30:46.800+0000][31843][safepoint    ] Leaving safepoint region
[2021-06-17T14:30:46.800+0000][31843][safepoint    ] Total time for which application threads were stopped: 0.0002088 seconds, Stopping threads took: 0.0000767 seconds
[2021-06-17T14:30:47.800+0000][31843][safepoint    ] Application time: 1.0001635 seconds
[2021-06-17T14:30:47.836+0000][31843][safepoint    ] Entering safepoint region: Cleanup
[2021-06-17T14:30:47.836+0000][31843][safepoint    ] Leaving safepoint region
[2021-06-17T14:30:47.836+0000][31843][safepoint    ] Total time for which application threads were stopped: 0.0358144 seconds, Stopping threads took: 0.0356002 seconds
[2021-06-17T14:30:48.836+0000][31843][safepoint    ] Application time: 1.0001148 seconds
[2021-06-17T14:30:48.836+0000][31843][safepoint    ] Entering safepoint region: Cleanup
[2021-06-17T14:30:48.836+0000][31843][safepoint    ] Leaving safepoint region
[2021-06-17T14:30:48.836+0000][31843][safepoint    ] Total time for which application threads were stopped: 0.0001489 seconds, Stopping threads took: 0.0000498 seconds
[2021-06-17T14:30:50.837+0000][31843][safepoint    ] Application time: 2.0002208 seconds
[2021-06-17T14:30:50.837+0000][31843][safepoint    ] Entering safepoint region: Cleanup
[2021-06-17T14:30:50.837+0000][31843][safepoint    ] Leaving safepoint region
[2021-06-17T14:30:50.837+0000][31843][safepoint    ] Total time for which application threads were stopped: 0.0002059 seconds, Stopping threads took: 0.0000922 seconds
[2021-06-17T14:30:51.058+0000][31843][safepoint    ] Application time: 0.2208423 seconds
[2021-06-17T14:30:51.058+0000][31843][safepoint    ] Entering safepoint region: Deoptimize
[2021-06-17T14:30:51.058+0000][31843][safepoint    ] Leaving safepoint region
[2021-06-17T14:30:51.058+0000][31843][safepoint    ] Total time for which application threads were stopped: 0.0002769 seconds, Stopping threads took: 0.0000471 seconds
[2021-06-17T14:30:51.791+0000][31843][safepoint    ] Application time: 0.7331237 seconds
[2021-06-17T14:30:51.791+0000][31843][safepoint    ] Entering safepoint region: RevokeBias
[2021-06-17T14:30:51.792+0000][31843][safepoint    ] Leaving safepoint region
[2021-06-17T14:30:51.792+0000][31843][safepoint    ] Total time for which application threads were stopped: 0.0002208 seconds, Stopping threads took: 0.0000442 seconds
[2021-06-17T14:30:52.792+0000][31843][safepoint    ] Application time: 1.0001963 seconds
[2021-06-17T14:30:52.824+0000][31843][safepoint    ] Entering safepoint region: Cleanup
[2021-06-17T14:30:52.824+0000][31843][safepoint    ] Leaving safepoint region
[2021-06-17T14:30:52.824+0000][31843][safepoint    ] Total time for which application threads were stopped: 0.0002765 seconds, Stopping threads took: 0.0001653 seconds
[2021-06-17T14:30:53.021+0000][31843][safepoint    ] Application time: 0.1966739 seconds
[2021-06-17T14:30:53.069+0000][31843][safepoint    ] Entering safepoint region: RevokeBias
[2021-06-17T14:30:53.069+0000][31843][safepoint    ] Leaving safepoint region
[2021-06-17T14:30:53.069+0000][31843][safepoint    ] Total time for which application threads were stopped: 0.0482865 seconds, Stopping threads took: 0.0480725 seconds
[2021-06-17T14:30:53.070+0000][31843][safepoint    ] Application time: 0.0002130 seconds
[2021-06-17T14:30:53.070+0000][31843][safepoint    ] Entering safepoint region: RevokeBias
[2021-06-17T14:30:53.070+0000][31843][safepoint    ] Leaving safepoint region
[2021-06-17T14:30:53.070+0000][31843][safepoint    ] Total time for which application threads were stopped: 0.0002252 seconds, Stopping threads took: 0.0000730 seconds
[2021-06-17T14:30:53.070+0000][31843][safepoint    ] Application time: 0.0001294 seconds
[2021-06-17T14:30:53.070+0000][31843][safepoint    ] Entering safepoint region: RevokeBias
[2021-06-17T14:30:53.070+0000][31843][safepoint    ] Leaving safepoint region
[2021-06-17T14:30:53.070+0000][31843][safepoint    ] Total time for which application threads were stopped: 0.0001672 seconds, Stopping threads took: 0.0000371 seconds
[2021-06-17T14:30:53.071+0000][31843][safepoint    ] Application time: 0.0009721 seconds
[2021-06-17T14:30:53.071+0000][31843][safepoint    ] Entering safepoint region: RevokeBias
[2021-06-17T14:30:53.071+0000][31843][safepoint    ] Leaving safepoint region
[2021-06-17T14:30:53.071+0000][31843][safepoint    ] Total time for which application threads were stopped: 0.0000929 seconds, Stopping threads took: 0.0000238 seconds
[2021-06-17T14:30:53.231+0000][31843][safepoint    ] Application time: 0.1595769 seconds
[2021-06-17T14:30:53.231+0000][31843][safepoint    ] Entering safepoint region: RevokeBias
[2021-06-17T14:30:53.231+0000][31843][safepoint    ] Leaving safepoint region
[2021-06-17T14:30:53.231+0000][31843][safepoint    ] Total time for which application threads were stopped: 0.0001724 seconds, Stopping threads took: 0.0000460 seconds
[2021-06-17T14:30:53.322+0000][31843][safepoint    ] Application time: 0.0906664 seconds
[2021-06-17T14:30:53.322+0000][31843][safepoint    ] Entering safepoint region: RevokeBias
[2021-06-17T14:30:53.322+0000][31843][safepoint    ] Leaving safepoint region
[2021-06-17T14:30:53.322+0000][31843][safepoint    ] Total time for which application threads were stopped: 0.0001835 seconds, Stopping threads took: 0.0000851 seconds
[2021-06-17T14:30:53.324+0000][31843][safepoint    ] Application time: 0.0022267 seconds
[2021-06-17T14:30:53.325+0000][31843][safepoint    ] Entering safepoint region: RevokeBias
[2021-06-17T14:30:53.325+0000][31843][safepoint    ] Leaving safepoint region
[2021-06-17T14:30:53.325+0000][31843][safepoint    ] Total time for which application threads were stopped: 0.0001596 seconds, Stopping threads took: 0.0000857 seconds
[2021-06-17T14:30:53.422+0000][31843][safepoint    ] Application time: 0.0971851 seconds
[2021-06-17T14:30:53.422+0000][31843][safepoint    ] Entering safepoint region: RevokeBias
[2021-06-17T14:30:53.422+0000][31843][safepoint    ] Leaving safepoint region
[2021-06-17T14:30:53.422+0000][31843][safepoint    ] Total time for which application threads were stopped: 0.0002721 seconds, Stopping threads took: 0.0002056 seconds
[2021-06-17T14:30:53.422+0000][31843][safepoint    ] Application time: 0.0001156 seconds
[2021-06-17T14:30:53.422+0000][31843][safepoint    ] Entering safepoint region: RevokeBias
[2021-06-17T14:30:53.422+0000][31843][safepoint    ] Leaving safepoint region
[2021-06-17T14:30:53.422+0000][31843][safepoint    ] Total time for which application threads were stopped: 0.0000764 seconds, Stopping threads took: 0.0000272 seconds
[2021-06-17T14:30:53.423+0000][31843][safepoint    ] Application time: 0.0000501 seconds
[2021-06-17T14:30:53.423+0000][31843][safepoint    ] Entering safepoint region: RevokeBias
[2021-06-17T14:30:53.423+0000][31843][safepoint    ] Leaving safepoint region
[2021-06-17T14:30:53.423+0000][31843][safepoint    ] Total time for which application threads were stopped: 0.0000619 seconds, Stopping threads took: 0.0000136 seconds
[2021-06-17T14:30:53.423+0000][31843][safepoint    ] Application time: 0.0000569 seconds
[2021-06-17T14:30:53.423+0000][31843][safepoint    ] Entering safepoint region: RevokeBias
[2021-06-17T14:30:53.423+0000][31843][safepoint    ] Leaving safepoint region
[2021-06-17T14:30:53.423+0000][31843][safepoint    ] Total time for which application threads were stopped: 0.0000605 seconds, Stopping threads took: 0.0000132 seconds
[2021-06-17T14:30:53.423+0000][31843][safepoint    ] Application time: 0.0000660 seconds
[2021-06-17T14:30:53.423+0000][31843][safepoint    ] Entering safepoint region: RevokeBias
[2021-06-17T14:30:53.423+0000][31843][safepoint    ] Leaving safepoint region
[2021-06-17T14:30:53.423+0000][31843][safepoint    ] Total time for which application threads were stopped: 0.0000639 seconds, Stopping threads took: 0.0000138 seconds
[2021-06-17T14:30:53.423+0000][31843][safepoint    ] Application time: 0.0000738 seconds
[2021-06-17T14:30:53.423+0000][31843][safepoint    ] Entering safepoint region: RevokeBias
[2021-06-17T14:30:53.423+0000][31843][safepoint    ] Leaving safepoint region
[2021-06-17T14:30:53.423+0000][31843][safepoint    ] Total time for which application threads were stopped: 0.0000670 seconds, Stopping threads took: 0.0000188 seconds
[2021-06-17T14:30:53.423+0000][31843][safepoint    ] Application time: 0.0000868 seconds
[2021-06-17T14:30:53.423+0000][31843][safepoint    ] Entering safepoint region: RevokeBias
[2021-06-17T14:30:53.423+0000][31843][safepoint    ] Leaving safepoint region
[2021-06-17T14:30:53.423+0000][31843][safepoint    ] Total time for which application threads were stopped: 0.0000559 seconds, Stopping threads took: 0.0000140 seconds
[2021-06-17T14:30:53.423+0000][31843][safepoint    ] Application time: 0.0001249 seconds
[2021-06-17T14:30:53.424+0000][31843][safepoint    ] Entering safepoint region: RevokeBias
[2021-06-17T14:30:53.424+0000][31843][safepoint    ] Leaving safepoint region
[2021-06-17T14:30:53.424+0000][31843][safepoint    ] Total time for which application threads were stopped: 0.0002581 seconds, Stopping threads took: 0.0002176 seconds
[2021-06-17T14:30:53.424+0000][31843][safepoint    ] Application time: 0.0000467 seconds
[2021-06-17T14:30:53.424+0000][31843][safepoint    ] Entering safepoint region: RevokeBias
[2021-06-17T14:30:53.424+0000][31843][safepoint    ] Leaving safepoint region
[2021-06-17T14:30:53.424+0000][31843][safepoint    ] Total time for which application threads were stopped: 0.0000608 seconds, Stopping threads took: 0.0000260 seconds
[2021-06-17T14:30:53.424+0000][31843][safepoint    ] Application time: 0.0000370 seconds
[2021-06-17T14:30:53.424+0000][31843][safepoint    ] Entering safepoint region: RevokeBias
[2021-06-17T14:30:53.424+0000][31843][safepoint    ] Leaving safepoint region
[2021-06-17T14:30:53.424+0000][31843][safepoint    ] Total time for which application threads were stopped: 0.0000642 seconds, Stopping threads took: 0.0000130 seconds
[2021-06-17T14:30:53.424+0000][31843][safepoint    ] Application time: 0.0000302 seconds
[2021-06-17T14:30:53.424+0000][31843][safepoint    ] Entering safepoint region: RevokeBias
[2021-06-17T14:30:53.424+0000][31843][safepoint    ] Leaving safepoint region
[2021-06-17T14:30:53.424+0000][31843][safepoint    ] Total time for which application threads were stopped: 0.0000596 seconds, Stopping threads took: 0.0000126 seconds
[2021-06-17T14:30:53.424+0000][31843][safepoint    ] Application time: 0.0000287 seconds
[2021-06-17T14:30:53.424+0000][31843][safepoint    ] Entering safepoint region: RevokeBias
[2021-06-17T14:30:53.424+0000][31843][safepoint    ] Leaving safepoint region
[2021-06-17T14:30:53.424+0000][31843][safepoint    ] Total time for which application threads were stopped: 0.0000692 seconds, Stopping threads took: 0.0000122 seconds
[2021-06-17T14:30:53.424+0000][31843][safepoint    ] Application time: 0.0000304 seconds
[2021-06-17T14:30:53.424+0000][31843][safepoint    ] Entering safepoint region: RevokeBias
[2021-06-17T14:30:53.424+0000][31843][safepoint    ] Leaving safepoint region
[2021-06-17T14:30:53.424+0000][31843][safepoint    ] Total time for which application threads were stopped: 0.0000583 seconds, Stopping threads took: 0.0000109 seconds
[2021-06-17T14:30:53.424+0000][31843][safepoint    ] Application time: 0.0000295 seconds
[2021-06-17T14:30:53.424+0000][31843][safepoint    ] Entering safepoint region: RevokeBias
[2021-06-17T14:30:53.424+0000][31843][safepoint    ] Leaving safepoint region
[2021-06-17T14:30:53.424+0000][31843][safepoint    ] Total time for which application threads were stopped: 0.0000634 seconds, Stopping threads took: 0.0000140 seconds
[2021-06-17T14:30:53.424+0000][31843][safepoint    ] Application time: 0.0000295 seconds
[2021-06-17T14:30:53.424+0000][31843][safepoint    ] Entering safepoint region: RevokeBias
[2021-06-17T14:30:53.424+0000][31843][safepoint    ] Leaving safepoint region
[2021-06-17T14:30:53.425+0000][31843][safepoint    ] Total time for which application threads were stopped: 0.0000435 seconds, Stopping threads took: 0.0000095 seconds
[2021-06-17T14:30:53.425+0000][31843][safepoint    ] Application time: 0.0000314 seconds
[2021-06-17T14:30:53.425+0000][31843][safepoint    ] Entering safepoint region: RevokeBias
[2021-06-17T14:30:53.425+0000][31843][safepoint    ] Leaving safepoint region
[2021-06-17T14:30:53.425+0000][31843][safepoint    ] Total time for which application threads were stopped: 0.0000657 seconds, Stopping threads took: 0.0000384 seconds
[2021-06-17T14:30:53.425+0000][31843][safepoint    ] Application time: 0.0000312 seconds
[2021-06-17T14:30:53.425+0000][31843][safepoint    ] Entering safepoint region: BulkRevokeBias
[2021-06-17T14:30:53.425+0000][31843][safepoint    ] Leaving safepoint region
[2021-06-17T14:30:53.425+0000][31843][safepoint    ] Total time for which application threads were stopped: 0.0001127 seconds, Stopping threads took: 0.0000331 seconds
[2021-06-17T14:30:53.546+0000][31843][safepoint    ] Application time: 0.1215508 seconds
[2021-06-17T14:30:53.548+0000][31843][safepoint    ] Entering safepoint region: RevokeBias
[2021-06-17T14:30:53.549+0000][31843][safepoint    ] Leaving safepoint region
[2021-06-17T14:30:53.549+0000][31843][safepoint    ] Total time for which application threads were stopped: 0.0022559 seconds, Stopping threads took: 0.0020765 seconds
[2021-06-17T14:30:53.550+0000][31843][safepoint    ] Application time: 0.0008559 seconds
[2021-06-17T14:30:53.550+0000][31843][safepoint    ] Entering safepoint region: RevokeBias
[2021-06-17T14:30:53.550+0000][31843][safepoint    ] Leaving safepoint region
[2021-06-17T14:30:53.550+0000][31843][safepoint    ] Total time for which application threads were stopped: 0.0001406 seconds, Stopping threads took: 0.0000635 seconds
[2021-06-17T14:30:53.550+0000][31843][safepoint    ] Application time: 0.0003363 seconds
[2021-06-17T14:30:53.550+0000][31843][safepoint    ] Entering safepoint region: RevokeBias
[2021-06-17T14:30:53.550+0000][31843][safepoint    ] Leaving safepoint region
[2021-06-17T14:30:53.550+0000][31843][safepoint    ] Total time for which application threads were stopped: 0.0001971 seconds, Stopping threads took: 0.0001272 seconds
[2021-06-17T14:30:53.550+0000][31843][safepoint    ] Application time: 0.0000677 seconds
[2021-06-17T14:30:53.550+0000][31843][safepoint    ] Entering safepoint region: RevokeBias
[2021-06-17T14:30:53.550+0000][31843][safepoint    ] Leaving safepoint region
[2021-06-17T14:30:53.551+0000][31843][safepoint    ] Total time for which application threads were stopped: 0.0001060 seconds, Stopping threads took: 0.0000213 seconds
[2021-06-17T14:30:53.551+0000][31843][safepoint    ] Application time: 0.0005097 seconds
[2021-06-17T14:30:53.551+0000][31843][safepoint    ] Entering safepoint region: RevokeBias
[2021-06-17T14:30:53.551+0000][31843][safepoint    ] Leaving safepoint region
[2021-06-17T14:30:53.551+0000][31843][safepoint    ] Total time for which application threads were stopped: 0.0001727 seconds, Stopping threads took: 0.0000632 seconds
[2021-06-17T14:30:53.554+0000][31843][safepoint    ] Application time: 0.0024652 seconds
[2021-06-17T14:30:53.554+0000][31843][safepoint    ] Entering safepoint region: RevokeBias
[2021-06-17T14:30:53.554+0000][31843][safepoint    ] Leaving safepoint region
[2021-06-17T14:30:53.554+0000][31843][safepoint    ] Total time for which application threads were stopped: 0.0002222 seconds, Stopping threads took: 0.0001306 seconds
[2021-06-17T14:30:53.557+0000][31843][safepoint    ] Application time: 0.0024922 seconds
[2021-06-17T14:30:53.557+0000][31843][safepoint    ] Entering safepoint region: RevokeBias
[2021-06-17T14:30:53.557+0000][31843][safepoint    ] Leaving safepoint region
[2021-06-17T14:30:53.557+0000][31843][safepoint    ] Total time for which application threads were stopped: 0.0001471 seconds, Stopping threads took: 0.0000264 seconds
[2021-06-17T14:30:53.557+0000][31843][safepoint    ] Application time: 0.0006735 seconds
[2021-06-17T14:30:53.558+0000][31843][safepoint    ] Entering safepoint region: RevokeBias
[2021-06-17T14:30:53.558+0000][31843][safepoint    ] Leaving safepoint region
[2021-06-17T14:30:53.558+0000][31843][safepoint    ] Total time for which application threads were stopped: 0.0001452 seconds, Stopping threads took: 0.0000632 seconds
[2021-06-17T14:30:53.559+0000][31843][safepoint    ] Application time: 0.0016251 seconds
[2021-06-17T14:30:53.559+0000][31843][safepoint    ] Entering safepoint region: RevokeBias
[2021-06-17T14:30:53.559+0000][31843][safepoint    ] Leaving safepoint region
[2021-06-17T14:30:53.559+0000][31843][safepoint    ] Total time for which application threads were stopped: 0.0001646 seconds, Stopping threads took: 0.0001060 seconds
[2021-06-17T14:30:53.560+0000][31843][safepoint    ] Application time: 0.0003623 seconds
[2021-06-17T14:30:53.560+0000][31843][safepoint    ] Entering safepoint region: RevokeBias
[2021-06-17T14:30:53.560+0000][31843][safepoint    ] Leaving safepoint region
[2021-06-17T14:30:53.560+0000][31843][safepoint    ] Total time for which application threads were stopped: 0.0001529 seconds, Stopping threads took: 0.0000509 seconds
[2021-06-17T14:30:53.560+0000][31843][safepoint    ] Application time: 0.0002899 seconds
[2021-06-17T14:30:53.560+0000][31843][safepoint    ] Entering safepoint region: RevokeBias
[2021-06-17T14:30:53.560+0000][31843][safepoint    ] Leaving safepoint region
[2021-06-17T14:30:53.560+0000][31843][safepoint    ] Total time for which application threads were stopped: 0.0001306 seconds, Stopping threads took: 0.0000300 seconds
[2021-06-17T14:30:53.561+0000][31843][safepoint    ] Application time: 0.0000452 seconds
[2021-06-17T14:30:53.561+0000][31843][safepoint    ] Entering safepoint region: RevokeBias
[2021-06-17T14:30:53.561+0000][31843][safepoint    ] Leaving safepoint region
[2021-06-17T14:30:53.561+0000][31843][safepoint    ] Total time for which application threads were stopped: 0.0000926 seconds, Stopping threads took: 0.0000229 seconds
[2021-06-17T14:30:53.611+0000][31843][safepoint    ] Application time: 0.0504478 seconds
[2021-06-17T14:30:53.719+0000][31843][safepoint    ] Entering safepoint region: RevokeBias
[2021-06-17T14:30:53.719+0000][31843][safepoint    ] Leaving safepoint region
[2021-06-17T14:30:53.719+0000][31843][safepoint    ] Total time for which application threads were stopped: 0.1079409 seconds, Stopping threads took: 0.1077873 seconds
[2021-06-17T14:30:53.736+0000][31843][gc,heap,exit ] Heap
[2021-06-17T14:30:53.769+0000][31843][gc,heap,exit ]  par new generation   total 306688K, used 130916K [0x00000000c0000000, 0x00000000d4cc0000, 0x00000000d4cc0000)
[2021-06-17T14:30:53.775+0000][31843][gc,heap,exit ]   eden space 272640K,  48% used [0x00000000c0000000, 0x00000000c7fd9150, 0x00000000d0a40000)
[2021-06-17T14:30:53.775+0000][31843][gc,heap,exit ]   from space 34048K,   0% used [0x00000000d0a40000, 0x00000000d0a40000, 0x00000000d2b80000)
[2021-06-17T14:30:53.775+0000][31843][gc,heap,exit ]   to   space 34048K,   0% used [0x00000000d2b80000, 0x00000000d2b80000, 0x00000000d4cc0000)
[2021-06-17T14:30:53.775+0000][31843][gc,heap,exit ]  concurrent mark-sweep generation total 707840K, used 0K [0x00000000d4cc0000, 0x0000000100000000, 0x0000000100000000)
[2021-06-17T14:30:53.986+0000][31843][gc,heap,exit ]  Metaspace       used 13895K, capacity 14424K, committed 14720K, reserved 1062912K
[2021-06-17T14:30:53.987+0000][31843][gc,heap,exit ]   class space    used 1673K, capacity 1877K, committed 1920K, reserved 1048576K
[2021-06-17T14:30:53.987+0000][31843][safepoint    ] Application time: 0.2676051 seconds
[2021-06-17T14:30:53.987+0000][31843][safepoint    ] Entering safepoint region: Exit
